<?xml version="1.0" encoding="UTF-8"?>
<testng-results ignored="0" total="1" passed="1" failed="0" skipped="0">
  <reporter-output>
  </reporter-output>
  <suite started-at="2025-01-22T11:19:46 IST" name="Default suite" finished-at="2025-01-22T11:20:06 IST" duration-ms="20207">
    <groups>
    </groups>
    <test started-at="2025-01-22T11:19:46 IST" name="Default test" finished-at="2025-01-22T11:20:06 IST" duration-ms="20207">
      <class name="com.ui.automation.AddToCartEbayTest">
        <test-method is-config="true" signature="setUp()[pri:0, instance:com.ui.automation.AddToCartEbayTest@3e08ff24]" started-at="2025-01-22T11:19:46 IST" name="setUp" finished-at="2025-01-22T11:19:49 IST" duration-ms="3748" status="PASS">
          <reporter-output>
          </reporter-output>
        </test-method> <!-- setUp -->
        <test-method signature="testAddToCart()[pri:0, instance:com.ui.automation.AddToCartEbayTest@3e08ff24]" started-at="2025-01-22T11:19:49 IST" name="testAddToCart" finished-at="2025-01-22T11:20:05 IST" duration-ms="15480" status="PASS">
          <reporter-output>
          </reporter-output>
        </test-method> <!-- testAddToCart -->
        <test-method is-config="true" signature="tearDown()[pri:0, instance:com.ui.automation.AddToCartEbayTest@3e08ff24]" started-at="2025-01-22T11:20:05 IST" name="tearDown" finished-at="2025-01-22T11:20:06 IST" duration-ms="910" status="PASS">
          <reporter-output>
          </reporter-output>
        </test-method> <!-- tearDown -->
      </class> <!-- com.ui.automation.AddToCartEbayTest -->
    </test> <!-- Default test -->
  </suite> <!-- Default suite -->
</testng-results>
