<?xml version="1.0" encoding="UTF-8"?>
<!-- Generated by org.testng.reporters.JUnitXMLReporter -->
<testsuite ignored="0" hostname="LAPTOP-1557RTGT" failures="1" tests="1" name="Test" time="5.038" errors="0" timestamp="2025-01-22T10:35:04 IST">
  <testcase classname="com.ui.automation.AddToCartEbayTest" name="testAddToCart" time="4.968">
    <failure type="java.lang.NullPointerException" message="Cannot invoke &amp;quot;org.openqa.selenium.WebDriver.get(String)&amp;quot; because &amp;quot;this.driver&amp;quot; is null">
      <![CDATA[java.lang.NullPointerException: Cannot invoke "org.openqa.selenium.WebDriver.get(String)" because "this.driver" is null
at com.ui.automation.AddToCartEbayTest.testAddToCart(AddToCartEbayTest.java:72)
at java.base/java.util.ArrayList.forEach(ArrayList.java:1596)
... Removed 25 stack frames]]>
    </failure>
  </testcase> <!-- testAddToCart -->
</testsuite> <!-- Test -->
